[1128/221354:INFO:(0)] WebCore is now online.
[1128/221354:INFO:(0)] Running Awesomium 1.7.5.1
[1128/221411:WARNING:Awesomium.NET(0)] System.ComponentModel.InvalidAsynchronousStateException: An error occurred invoking the method.  The destination thread no longer exists.
   at System.Windows.Forms.Control.WaitForWaitHandle(WaitHandle waitHandle)
   at System.Windows.Forms.Control.MarshaledInvoke(Control caller, Delegate method, Object[] args, Boolean synchronous)
   at System.Windows.Forms.Control.Invoke(Delegate method, Object[] args)
   at System.Windows.Forms.WindowsFormsSynchronizationContext.Send(SendOrPostCallback d, Object state)
   at Awesomium.Core.WebCore.wvjjlbeQdqUVO5E6FXD(Object , Object , Object )
   at Awesomium.Core.WebCore.ioXQMTP1sf()
[1128/222543:INFO:(0)] WebCore is now online.
[1128/222543:INFO:(0)] Running Awesomium 1.7.5.1
[1128/222638:WARNING:Awesomium.NET(0)] System.ComponentModel.InvalidAsynchronousStateException: An error occurred invoking the method.  The destination thread no longer exists.
   at System.Windows.Forms.WindowsFormsSynchronizationContext.Send(SendOrPostCallback d, Object state)
   at Awesomium.Core.WebCore.wvjjlbeQdqUVO5E6FXD(Object , Object , Object )
   at Awesomium.Core.WebCore.ioXQMTP1sf()
[1128/224152:INFO:(0)] WebCore is now online.
[1128/224152:INFO:(0)] Running Awesomium 1.7.5.1
[1128/224623:INFO:(0)] WebCore is now online.
[1128/224623:INFO:(0)] Running Awesomium 1.7.5.1
[1128/224953:WARNING:Awesomium.NET(0)] System.ComponentModel.InvalidAsynchronousStateException: An error occurred invoking the method.  The destination thread no longer exists.
   at System.Windows.Forms.WindowsFormsSynchronizationContext.Send(SendOrPostCallback d, Object state)
   at Awesomium.Core.WebCore.wvjjlbeQdqUVO5E6FXD(Object , Object , Object )
   at Awesomium.Core.WebCore.ioXQMTP1sf()
[1128/231352:INFO:(0)] WebCore is now online.
[1128/231352:INFO:(0)] Running Awesomium 1.7.5.1
[1128/231855:WARNING:Awesomium.NET(0)] System.ComponentModel.InvalidAsynchronousStateException: An error occurred invoking the method.  The destination thread no longer exists.
   at System.Windows.Forms.WindowsFormsSynchronizationContext.Send(SendOrPostCallback d, Object state)
   at Awesomium.Core.WebCore.wvjjlbeQdqUVO5E6FXD(Object , Object , Object )
   at Awesomium.Core.WebCore.ioXQMTP1sf()
[1128/233202:INFO:(0)] WebCore is now online.
[1128/233202:INFO:(0)] Running Awesomium 1.7.5.1
[1128/233322:WARNING:Awesomium.NET(0)] System.ComponentModel.InvalidAsynchronousStateException: An error occurred invoking the method.  The destination thread no longer exists.
   at System.Windows.Forms.WindowsFormsSynchronizationContext.Send(SendOrPostCallback d, Object state)
   at Awesomium.Core.WebCore.wvjjlbeQdqUVO5E6FXD(Object , Object , Object )
   at Awesomium.Core.WebCore.ioXQMTP1sf()
[1128/233634:INFO:(0)] WebCore is now online.
[1128/233634:INFO:(0)] Running Awesomium 1.7.5.1
[1128/233645:WARNING:Awesomium.NET(0)] System.ComponentModel.InvalidAsynchronousStateException: An error occurred invoking the method.  The destination thread no longer exists.
   at System.Windows.Forms.WindowsFormsSynchronizationContext.Send(SendOrPostCallback d, Object state)
   at Awesomium.Core.WebCore.wvjjlbeQdqUVO5E6FXD(Object , Object , Object )
   at Awesomium.Core.WebCore.ioXQMTP1sf()
[1129/104504:INFO:(0)] WebCore is now online.
[1129/104504:INFO:(0)] Running Awesomium 1.7.5.1
[1129/105111:WARNING:Awesomium.NET(0)] System.ComponentModel.InvalidAsynchronousStateException: An error occurred invoking the method.  The destination thread no longer exists.
   at System.Windows.Forms.Control.WaitForWaitHandle(WaitHandle waitHandle)
   at System.Windows.Forms.Control.MarshaledInvoke(Control caller, Delegate method, Object[] args, Boolean synchronous)
   at System.Windows.Forms.Control.Invoke(Delegate method, Object[] args)
   at System.Windows.Forms.WindowsFormsSynchronizationContext.Send(SendOrPostCallback d, Object state)
   at Awesomium.Core.WebCore.wvjjlbeQdqUVO5E6FXD(Object , Object , Object )
   at Awesomium.Core.WebCore.ioXQMTP1sf()
[1129/204246:INFO:(0)] WebCore is now online.
[1129/204246:INFO:(0)] Running Awesomium 1.7.5.1
[1129/204310:WARNING:Awesomium.NET(0)] System.ComponentModel.InvalidAsynchronousStateException: An error occurred invoking the method.  The destination thread no longer exists.
   at System.Windows.Forms.WindowsFormsSynchronizationContext.Send(SendOrPostCallback d, Object state)
   at Awesomium.Core.WebCore.wvjjlbeQdqUVO5E6FXD(Object , Object , Object )
   at Awesomium.Core.WebCore.ioXQMTP1sf()
[1130/221138:INFO:(0)] WebCore is now online.
[1130/221138:INFO:(0)] Running Awesomium 1.7.5.1
[1130/221431:WARNING:Awesomium.NET(0)] System.ComponentModel.InvalidAsynchronousStateException: An error occurred invoking the method.  The destination thread no longer exists.
   at System.Windows.Forms.WindowsFormsSynchronizationContext.Send(SendOrPostCallback d, Object state)
   at Awesomium.Core.WebCore.wvjjlbeQdqUVO5E6FXD(Object , Object , Object )
   at Awesomium.Core.WebCore.ioXQMTP1sf()
[1130/222038:INFO:(0)] WebCore is now online.
[1130/222038:INFO:(0)] Running Awesomium 1.7.5.1
[1130/222127:WARNING:Awesomium.NET(0)] System.ComponentModel.InvalidAsynchronousStateException: An error occurred invoking the method.  The destination thread no longer exists.
   at System.Windows.Forms.WindowsFormsSynchronizationContext.Send(SendOrPostCallback d, Object state)
   at Awesomium.Core.WebCore.wvjjlbeQdqUVO5E6FXD(Object , Object , Object )
   at Awesomium.Core.WebCore.ioXQMTP1sf()
[1130/222631:INFO:(0)] WebCore is now online.
[1130/222631:INFO:(0)] Running Awesomium 1.7.5.1
[1130/222738:WARNING:Awesomium.NET(0)] System.ComponentModel.InvalidAsynchronousStateException: An error occurred invoking the method.  The destination thread no longer exists.
   at System.Windows.Forms.WindowsFormsSynchronizationContext.Send(SendOrPostCallback d, Object state)
   at Awesomium.Core.WebCore.wvjjlbeQdqUVO5E6FXD(Object , Object , Object )
   at Awesomium.Core.WebCore.ioXQMTP1sf()
[1130/223047:INFO:(0)] WebCore is now online.
[1130/223047:INFO:(0)] Running Awesomium 1.7.5.1
[1130/223115:WARNING:Awesomium.NET(0)] System.ComponentModel.InvalidAsynchronousStateException: An error occurred invoking the method.  The destination thread no longer exists.
   at System.Windows.Forms.Control.WaitForWaitHandle(WaitHandle waitHandle)
   at System.Windows.Forms.Control.MarshaledInvoke(Control caller, Delegate method, Object[] args, Boolean synchronous)
   at System.Windows.Forms.Control.Invoke(Delegate method, Object[] args)
   at System.Windows.Forms.WindowsFormsSynchronizationContext.Send(SendOrPostCallback d, Object state)
   at Awesomium.Core.WebCore.wvjjlbeQdqUVO5E6FXD(Object , Object , Object )
   at Awesomium.Core.WebCore.ioXQMTP1sf()
[1130/223247:INFO:(0)] WebCore is now online.
[1130/223247:INFO:(0)] Running Awesomium 1.7.5.1
[1130/223332:ERROR:ipc_channel_win.cc(261)] pipe error: 109
[1130/223333:WARNING:Awesomium.NET(0)] System.ComponentModel.InvalidAsynchronousStateException: An error occurred invoking the method.  The destination thread no longer exists.
   at System.Windows.Forms.WindowsFormsSynchronizationContext.Send(SendOrPostCallback d, Object state)
   at Awesomium.Core.WebCore.wvjjlbeQdqUVO5E6FXD(Object , Object , Object )
   at Awesomium.Core.WebCore.ioXQMTP1sf()
[1130/223411:INFO:(0)] WebCore is now online.
[1130/223411:INFO:(0)] Running Awesomium 1.7.5.1
[1130/223442:WARNING:Awesomium.NET(0)] System.ComponentModel.InvalidAsynchronousStateException: An error occurred invoking the method.  The destination thread no longer exists.
   at System.Windows.Forms.Control.WaitForWaitHandle(WaitHandle waitHandle)
   at System.Windows.Forms.Control.MarshaledInvoke(Control caller, Delegate method, Object[] args, Boolean synchronous)
   at System.Windows.Forms.Control.Invoke(Delegate method, Object[] args)
   at System.Windows.Forms.WindowsFormsSynchronizationContext.Send(SendOrPostCallback d, Object state)
   at Awesomium.Core.WebCore.wvjjlbeQdqUVO5E6FXD(Object , Object , Object )
   at Awesomium.Core.WebCore.ioXQMTP1sf()
[1130/223528:INFO:(0)] WebCore is now online.
[1130/223528:INFO:(0)] Running Awesomium 1.7.5.1
[1130/223903:WARNING:Awesomium.NET(0)] System.ComponentModel.InvalidAsynchronousStateException: An error occurred invoking the method.  The destination thread no longer exists.
   at System.Windows.Forms.Control.WaitForWaitHandle(WaitHandle waitHandle)
   at System.Windows.Forms.Control.MarshaledInvoke(Control caller, Delegate method, Object[] args, Boolean synchronous)
   at System.Windows.Forms.Control.Invoke(Delegate method, Object[] args)
   at System.Windows.Forms.WindowsFormsSynchronizationContext.Send(SendOrPostCallback d, Object state)
   at Awesomium.Core.WebCore.wvjjlbeQdqUVO5E6FXD(Object , Object , Object )
   at Awesomium.Core.WebCore.ioXQMTP1sf()
[1130/225733:INFO:(0)] WebCore is now online.
[1130/225733:INFO:(0)] Running Awesomium 1.7.5.1
[1130/230005:WARNING:Awesomium.NET(0)] System.ComponentModel.InvalidAsynchronousStateException: An error occurred invoking the method.  The destination thread no longer exists.
   at System.Windows.Forms.Control.WaitForWaitHandle(WaitHandle waitHandle)
   at System.Windows.Forms.Control.MarshaledInvoke(Control caller, Delegate method, Object[] args, Boolean synchronous)
   at System.Windows.Forms.Control.Invoke(Delegate method, Object[] args)
   at System.Windows.Forms.WindowsFormsSynchronizationContext.Send(SendOrPostCallback d, Object state)
   at Awesomium.Core.WebCore.wvjjlbeQdqUVO5E6FXD(Object , Object , Object )
   at Awesomium.Core.WebCore.ioXQMTP1sf()
[1130/230843:INFO:(0)] WebCore is now online.
[1130/230843:INFO:(0)] Running Awesomium 1.7.5.1
[1130/230919:ERROR:ipc_channel_win.cc(261)] pipe error: 109
[1130/230920:WARNING:Awesomium.NET(0)] System.ComponentModel.InvalidAsynchronousStateException: An error occurred invoking the method.  The destination thread no longer exists.
   at System.Windows.Forms.Control.WaitForWaitHandle(WaitHandle waitHandle)
   at System.Windows.Forms.Control.MarshaledInvoke(Control caller, Delegate method, Object[] args, Boolean synchronous)
   at System.Windows.Forms.Control.Invoke(Delegate method, Object[] args)
   at System.Windows.Forms.WindowsFormsSynchronizationContext.Send(SendOrPostCallback d, Object state)
   at Awesomium.Core.WebCore.wvjjlbeQdqUVO5E6FXD(Object , Object , Object )
   at Awesomium.Core.WebCore.ioXQMTP1sf()
